<?xml version="1.0" encoding="UTF-8"?>
<testsuite xmlns:xsi="http://www.w3.org/2001/XMLSchema-instance" xsi:noNamespaceSchemaLocation="https://maven.apache.org/surefire/maven-surefire-plugin/xsd/surefire-test-report.xsd" version="3.0.2" name="com.gusl.gojjudge.GojJudgeApplicationTests" time="14.072" tests="1" errors="0" skipped="0" failures="0" flakes="0">
  <properties>
[...]
</properties>
  <testcase name="contextLoads" classname="com.gusl.gojjudge.GojJudgeApplicationTests" time="0.517">
    <system-out><![CDATA[20:30:46.779 [main] INFO org.springframework.test.context.support.AnnotationConfigContextLoaderUtils -- Could not detect default configuration classes for test class [com.gusl.gojjudge.GojJudgeApplicationTests]: GojJudgeApplicationTests does not declare any static, non-private, non-final, nested classes annotated with @Configuration.
20:30:46.886 [main] INFO org.springframework.boot.test.context.SpringBootTestContextBootstrapper -- Found @SpringBootConfiguration com.gusl.gojjudge.GojJudgeApplication for test class com.gusl.gojjudge.GojJudgeApplicationTests

  .   ____          _            __ _ _
 /\\ / ___'_ __ _ _(_)_ __  __ _ \ \ \ \
( ( )\___ | '_ | '_| | '_ \/ _` | \ \ \ \
 \\/  ___)| |_)| | | | | || (_| |  ) ) ) )
  '  |____| .__|_| |_|_| |_\__, | / / / /
 =========|_|==============|___/=/_/_/_/

 :: Spring Boot ::               (v3.5.16)

2026-08-09T20:30:48.451+08:00  INFO 347152 --- [goj-judge] [           main] c.g.gojjudge.GojJudgeApplicationTests    : Starting GojJudgeApplicationTests using Java 21.0.11 with PID 347152 (started by gusil in D:\Work\Project\GOJ\goj-judge)
2026-08-09T20:30:48.453+08:00 DEBUG 347152 --- [goj-judge] [           main] c.g.gojjudge.GojJudgeApplicationTests    : Running with Spring Boot v3.5.16, Spring v6.2.19
2026-08-09T20:30:48.453+08:00  INFO 347152 --- [goj-judge] [           main] c.g.gojjudge.GojJudgeApplicationTests    : No active profile set, falling back to 1 default profile: "default"
Logging initialized using 'class org.apache.ibatis.logging.stdout.StdOutImpl' adapter.
Get /192.168.1.6 network interface 
Get network interface info: name:wireless_32768 (RZ616 Wi-Fi 6E 160MHz)
Initialization Sequence datacenterId:4 workerId:12
 _ _   |_  _ _|_. ___ _ |    _ 
| | |\/|_)(_| | |_\  |_)||_|_\ 
     /               |         
                        3.5.16 
2026-08-09T20:30:50.941+08:00  INFO 347152 --- [goj-judge] [           main] m.e.s.MybatisPlusApplicationContextAware : Register ApplicationContext instances org.springframework.web.context.support.GenericWebApplicationContext@3b6c624
2026-08-09T20:31:00.174+08:00  INFO 347152 --- [goj-judge] [           main] c.g.gojjudge.GojJudgeApplicationTests    : Started GojJudgeApplicationTests in 13.021 seconds (process running for 13.932)
你好 你好 1]]></system-out>
    <system-err><![CDATA[Mockito is currently self-attaching to enable the inline-mock-maker. This will no longer work in future releases of the JDK. Please add Mockito as an agent to your build as described in Mockito's documentation: https://javadoc.io/doc/org.mockito/mockito-core/latest/org.mockito/org/mockito/Mockito.html#0.3
WARNING: A Java agent has been loaded dynamically (D:\Work\Tool\apache-maven-3.9.16\repo\net\bytebuddy\byte-buddy-agent\1.17.8\byte-buddy-agent-1.17.8.jar)
WARNING: If a serviceability tool is in use, please run with -XX:+EnableDynamicAgentLoading to hide this warning
WARNING: If a serviceability tool is not in use, please run with -Djdk.instrument.traceUsage for more information
WARNING: Dynamic loading of agents will be disallowed by default in a future release
]]></system-err>
  </testcase>
</testsuite>