<?xml version="1.0" encoding="UTF-8"?>
<testsuite xmlns:xsi="http://www.w3.org/2001/XMLSchema-instance" xsi:noNamespaceSchemaLocation="https://maven.apache.org/surefire/maven-surefire-plugin/xsd/surefire-test-report.xsd" version="3.0.2" name="com.gusl.gojserver.GojServerApplicationTests" time="12.983" tests="1" errors="0" skipped="0" failures="0" flakes="0">
  <properties>
[...]
</properties>
  <testcase name="contextLoads" classname="com.gusl.gojserver.GojServerApplicationTests" time="0.47">
    <system-out><![CDATA[19:40:18.394 [main] INFO org.springframework.test.context.support.AnnotationConfigContextLoaderUtils -- Could not detect default configuration classes for test class [com.gusl.gojserver.GojServerApplicationTests]: GojServerApplicationTests does not declare any static, non-private, non-final, nested classes annotated with @Configuration.
19:40:18.488 [main] INFO org.springframework.boot.test.context.SpringBootTestContextBootstrapper -- Found @SpringBootConfiguration com.gusl.gojserver.GojServerApplication for test class com.gusl.gojserver.GojServerApplicationTests
19:40:18.644 [main] INFO org.springframework.boot.devtools.restart.RestartApplicationListener -- Restart disabled due to context in which it is running

  .   ____          _            __ _ _
 /\\ / ___'_ __ _ _(_)_ __  __ _ \ \ \ \
( ( )\___ | '_ | '_| | '_ \/ _` | \ \ \ \
 \\/  ___)| |_)| | | | | || (_| |  ) ) ) )
  '  |____| .__|_| |_|_| |_\__, | / / / /
 =========|_|==============|___/=/_/_/_/

 :: Spring Boot ::               (v3.5.16)

2026-08-09T19:40:18.924+08:00  INFO 327040 --- [goj-server] [           main] c.g.gojserver.GojServerApplicationTests  : Starting GojServerApplicationTests using Java 21.0.11 with PID 327040 (started by gusil in D:\Work\Project\GOJ\goj-server)
2026-08-09T19:40:18.924+08:00 DEBUG 327040 --- [goj-server] [           main] c.g.gojserver.GojServerApplicationTests  : Running with Spring Boot v3.5.16, Spring v6.2.19
2026-08-09T19:40:18.924+08:00  INFO 327040 --- [goj-server] [           main] c.g.gojserver.GojServerApplicationTests  : No active profile set, falling back to 1 default profile: "default"
Logging initialized using 'class org.apache.ibatis.logging.stdout.StdOutImpl' adapter.
Get /192.168.1.6 network interface 
Get network interface info: name:wireless_32768 (RZ616 Wi-Fi 6E 160MHz)
Initialization Sequence datacenterId:4 workerId:8
 _ _   |_  _ _|_. ___ _ |    _ 
| | |\/|_)(_| | |_\  |_)||_|_\ 
     /               |         
                        3.5.16 
2026-08-09T19:40:21.834+08:00  WARN 327040 --- [goj-server] [           main] r$InitializeUserDetailsManagerConfigurer : Global AuthenticationManager configured with an AuthenticationProvider bean. UserDetailsService beans will not be used by Spring Security for automatically configuring username/password login. Consider removing the AuthenticationProvider bean. Alternatively, consider using the UserDetailsService in a manually instantiated DaoAuthenticationProvider. If the current configuration is intentional, to turn off this warning, increase the logging level of 'org.springframework.security.config.annotation.authentication.configuration.InitializeUserDetailsBeanManagerConfigurer' to ERROR
2026-08-09T19:40:30.541+08:00  INFO 327040 --- [goj-server] [           main] m.e.s.MybatisPlusApplicationContextAware : Register ApplicationContext instances org.springframework.web.context.support.GenericWebApplicationContext@749f539e
2026-08-09T19:40:30.779+08:00  INFO 327040 --- [goj-server] [           main] c.g.gojserver.GojServerApplicationTests  : Started GojServerApplicationTests in 12.145 seconds (process running for 12.857)
]]></system-out>
    <system-err><![CDATA[Mockito is currently self-attaching to enable the inline-mock-maker. This will no longer work in future releases of the JDK. Please add Mockito as an agent to your build as described in Mockito's documentation: https://javadoc.io/doc/org.mockito/mockito-core/latest/org.mockito/org/mockito/Mockito.html#0.3
WARNING: A Java agent has been loaded dynamically (D:\Work\Tool\apache-maven-3.9.16\repo\net\bytebuddy\byte-buddy-agent\1.17.8\byte-buddy-agent-1.17.8.jar)
WARNING: If a serviceability tool is in use, please run with -XX:+EnableDynamicAgentLoading to hide this warning
WARNING: If a serviceability tool is not in use, please run with -Djdk.instrument.traceUsage for more information
WARNING: Dynamic loading of agents will be disallowed by default in a future release
]]></system-err>
  </testcase>
</testsuite>